<?xml version="1.0" encoding="UTF-8"?>
<!-- Generated by org.testng.reporters.JUnitXMLReporter -->
<testsuite ignored="0" hostname="DESKTOP-HLTPCGM" failures="0" tests="14" name="Default test" time="566.847" errors="0" timestamp="2024-03-19T18:03:55 IST">
  <testcase classname="TestCases.TestCases_of_CICA" name="Login" time="3.808"/>
  <testcase classname="TestCases.TestCases_of_CICA" name="Homepage" time="19.402"/>
  <testcase classname="TestCases.TestCases_of_CICA" name="Step_1" time="75.915"/>
  <testcase classname="TestCases.TestCases_of_CICA" name="Step_2" time="71.408"/>
  <testcase classname="TestCases.TestCases_of_CICA" name="Step_3" time="5.054"/>
  <testcase classname="TestCases.TestCases_of_CICA" name="Step_4" time="89.324"/>
  <testcase classname="TestCases.TestCases_of_CICA" name="Step_5" time="6.51"/>
  <testcase classname="TestCases.TestCases_of_CICA" name="Step_6" time="40.699"/>
  <testcase classname="TestCases.TestCases_of_CICA" name="Step_7" time="4.566"/>
  <testcase classname="TestCases.TestCases_of_CICA" name="Step_8" time="41.59"/>
  <testcase classname="TestCases.TestCases_of_CICA" name="Update" time="15.895"/>
  <testcase classname="TestCases.TestCases_of_CICA" name="Step_10" time="145.193"/>
  <testcase classname="TestCases.TestCases_of_CICA" name="email_verify" time="12.28"/>
  <testcase classname="TestCases.TestCases_of_CICA" name="application" time="3.764"/>
</testsuite> <!-- Default test -->
