<?xml version="1.0" encoding="UTF-8"?>
<!-- Generated by org.testng.reporters.JUnitXMLReporter -->
<testsuite ignored="0" hostname="DESKTOP-HLTPCGM" failures="0" tests="13" name="Default test" time="543.244" errors="0" timestamp="2024-03-14T12:39:12 IST">
  <testcase classname="TestCases.TestCases_of_CICA" name="Login" time="3.101"/>
  <testcase classname="TestCases.TestCases_of_CICA" name="Homepage" time="17.18"/>
  <testcase classname="TestCases.TestCases_of_CICA" name="Step_1" time="51.822"/>
  <testcase classname="TestCases.TestCases_of_CICA" name="Step_2" time="70.852"/>
  <testcase classname="TestCases.TestCases_of_CICA" name="Step_3" time="7.375"/>
  <testcase classname="TestCases.TestCases_of_CICA" name="Step_4" time="83.785"/>
  <testcase classname="TestCases.TestCases_of_CICA" name="Step_5" time="6.112"/>
  <testcase classname="TestCases.TestCases_of_CICA" name="Step_6" time="22.53"/>
  <testcase classname="TestCases.TestCases_of_CICA" name="Step_7" time="4.323"/>
  <testcase classname="TestCases.TestCases_of_CICA" name="Step_8" time="38.152"/>
  <testcase classname="TestCases.TestCases_of_CICA" name="Update" time="12.83"/>
  <testcase classname="TestCases.TestCases_of_CICA" name="Step_10" time="143.857"/>
  <testcase classname="TestCases.TestCases_of_CICA" name="email_verify" time="10.478"/>
</testsuite> <!-- Default test -->
